I, [2017-06-21T18:38:29.578658 #5404]  INFO -- default-centos-67: -----> Converging <default-centos-67>...
I, [2017-06-21T18:38:29.580615 #5404]  INFO -- default-centos-67: Preparing files for transfer
I, [2017-06-21T18:38:29.580615 #5404]  INFO -- default-centos-67: Preparing dna.json
I, [2017-06-21T18:38:29.582572 #5404]  INFO -- default-centos-67: Resolving cookbook dependencies with Berkshelf 4.3.5...
I, [2017-06-21T18:38:29.726741 #5404]  INFO -- default-centos-67: Removing non-cookbook files before transfer
I, [2017-06-21T18:38:29.737494 #5404]  INFO -- default-centos-67: Preparing validation.pem
I, [2017-06-21T18:38:29.738472 #5404]  INFO -- default-centos-67: Preparing client.rb
I, [2017-06-21T18:38:30.088278 #5404]  INFO -- default-centos-67: -----> Chef Omnibus installation detected (install only if missing)
I, [2017-06-21T18:38:30.152543 #5404]  INFO -- default-centos-67: Transferring files to <default-centos-67>
I, [2017-06-21T18:38:32.397590 #5404]  INFO -- default-centos-67: Starting Chef Client, version 13.1.31
I, [2017-06-21T18:38:33.830921 #5404]  INFO -- default-centos-67: resolving cookbooks for run list: ["httpd::default"]
I, [2017-06-21T18:38:33.841674 #5404]  INFO -- default-centos-67: Synchronizing Cookbooks:
I, [2017-06-21T18:38:33.852429 #5404]  INFO -- default-centos-67:   - httpd (0.1.0)
I, [2017-06-21T18:38:33.852429 #5404]  INFO -- default-centos-67: Installing Cookbook Gems:
I, [2017-06-21T18:38:33.852429 #5404]  INFO -- default-centos-67: Compiling Cookbooks...
I, [2017-06-21T18:38:33.853406 #5404]  INFO -- default-centos-67: Converging 3 resources
I, [2017-06-21T18:38:33.853406 #5404]  INFO -- default-centos-67: Recipe: httpd::default
I, [2017-06-21T18:38:34.768201 #5404]  INFO -- default-centos-67:   * yum_package[httpd] action install (up to date)
I, [2017-06-21T18:38:34.768201 #5404]  INFO -- default-centos-67:   * file[/var/www/html/index.html] action create (up to date)
I, [2017-06-21T18:38:34.866485 #5404]  INFO -- default-centos-67:   * service[httpd] action enable (up to date)
I, [2017-06-21T18:38:34.929807 #5404]  INFO -- default-centos-67:   * service[httpd] action start (up to date)
I, [2017-06-21T18:38:34.951302 #5404]  INFO -- default-centos-67: 
I, [2017-06-21T18:38:34.951302 #5404]  INFO -- default-centos-67: Running handlers:
I, [2017-06-21T18:38:34.951302 #5404]  INFO -- default-centos-67: Running handlers complete
I, [2017-06-21T18:38:34.951302 #5404]  INFO -- default-centos-67: Chef Client finished, 0/4 resources updated in 02 seconds
I, [2017-06-21T18:38:34.992363 #5404]  INFO -- default-centos-67: Finished converging <default-centos-67> (0m5.41s).
